<?xml version="1.0" encoding="UTF-8"?>
<!-- Generated by org.testng.reporters.JUnitReportReporter -->
<testsuite hostname="DESKTOP-O5G3CAC" failures="0" tests="1" name="supratimdas.SeleniumFrameworkDesign.ErrorValidations" time="10.236" errors="0" timestamp="2024-07-04T19:43:30 IST" skipped="0">
  <testcase classname="supratimdas.SeleniumFrameworkDesign.ErrorValidations" name="submitOrder" time="10.236"/>
</testsuite> <!-- supratimdas.SeleniumFrameworkDesign.ErrorValidations -->
