<?xml version="1.0" encoding="UTF-8"?>
<!-- Generated by org.testng.reporters.JUnitReportReporter -->
<testsuite hostname="DESKTOP-O5G3CAC" failures="0" tests="2" name="supratimdas.SeleniumFrameworkDesign.ErrorValidationsTest" time="20.535" errors="0" timestamp="2024-07-09T19:50:57 IST" skipped="0">
  <testcase classname="supratimdas.SeleniumFrameworkDesign.ErrorValidationsTest" name="LoginErrorValidation" time="10.347"/>
  <testcase classname="supratimdas.SeleniumFrameworkDesign.ErrorValidationsTest" name="ProductErrorValidation" time="10.188"/>
</testsuite> <!-- supratimdas.SeleniumFrameworkDesign.ErrorValidationsTest -->
